#
# There is insufficient memory for the Java Runtime Environment to continue.
# Native memory allocation (mmap) failed to map 132120576 bytes. Error detail: G1 virtual space
# Possible reasons:
#   The system is out of physical RAM or swap space
#   This process is running with CompressedOops enabled, and the Java Heap may be blocking the growth of the native heap
# Possible solutions:
#   Reduce memory load on the system
#   Increase physical memory or swap space
#   Check if swap backing store is full
#   Decrease Java heap size (-Xmx/-Xms)
#   Decrease number of Java threads
#   Decrease Java thread stack sizes (-Xss)
#   Set larger code cache with -XX:ReservedCodeCacheSize=
#   JVM is running with Unscaled Compressed Oops mode in which the Java heap is
#     placed in the first 4GB address space. The Java Heap base address is the
#     maximum limit for the native heap growth. Please use -XX:HeapBaseMinAddress
#     to set the Java Heap base and to place the Java Heap above 4GB virtual address.
# This output file may be truncated or incomplete.
#
#  Out of Memory Error (os_windows.cpp:3703), pid=29460, tid=28404
#
# JRE version:  (23.0+37) (build )
# Java VM: OpenJDK 64-Bit Server VM (23+37, mixed mode, sharing, tiered, compressed oops, compressed class ptrs, g1 gc, windows-amd64)
# No core dump will be written. Minidumps are not enabled by default on client versions of Windows
#

---------------  S U M M A R Y ------------

Command Line: -Dfile.encoding=UTF-8 -Dstdout.encoding=UTF-8 -Dstderr.encoding=UTF-8 --module-path=D:\Mahzaib FILES\screen\commons-lang3-3.8.1.jar;D:\Mahzaib FILES\screen\commons-logging-1.2.jar;D:\Mahzaib FILES\screen\hsqldb-2.5.0.jar;D:\Mahzaib FILES\screen\jackcess-3.0.1.jar;D:\Mahzaib FILES\screen\ucanaccess-5.0.1.jar -XX:+ShowCodeDetailsInExceptionMessages Testgui

Host: Intel(R) Core(TM) i7-8665U CPU @ 1.90GHz, 8 cores, 7G,  Windows 10 , 64 bit Build 19041 (10.0.19041.5198)
Time: Sun Dec 29 17:39:20 2024 Pakistan Standard Time elapsed time: 0.017212 seconds (0d 0h 0m 0s)

---------------  T H R E A D  ---------------

Current thread (0x0000022867350110):  JavaThread "Unknown thread" [_thread_in_vm, id=28404, stack(0x000000fe4ba00000,0x000000fe4bb00000) (1024K)]

Stack: [0x000000fe4ba00000,0x000000fe4bb00000]
Native frames: (J=compiled Java code, j=interpreted, Vv=VM code, C=native code)
V  [jvm.dll+0x6e8c69]  (no source info available)
V  [jvm.dll+0x8d9073]  (no source info available)
V  [jvm.dll+0x8db4fe]  (no source info available)
V  [jvm.dll+0x8dbbd3]  (no source info available)
V  [jvm.dll+0x281aa6]  (no source info available)
V  [jvm.dll+0x6e5565]  (no source info available)
V  [jvm.dll+0x6d957a]  (no source info available)
V  [jvm.dll+0x3625fa]  (no source info available)
V  [jvm.dll+0x36aa26]  (no source info available)
V  [jvm.dll+0x356fce]  (no source info available)
V  [jvm.dll+0x357268]  (no source info available)
V  [jvm.dll+0x32fbfc]  (no source info available)
V  [jvm.dll+0x33089e]  (no source info available)
V  [jvm.dll+0x89f915]  (no source info available)
V  [jvm.dll+0x3bfe88]  (no source info available)
V  [jvm.dll+0x88845c]  (no source info available)
V  [jvm.dll+0x45a16e]  (no source info available)
V  [jvm.dll+0x45bf81]  (no source info available)
C  [jli.dll+0x5278]  (no source info available)
C  [ucrtbase.dll+0x21bb2]  (no source info available)
C  [KERNEL32.DLL+0x17374]  (no source info available)
C  [ntdll.dll+0x4cc91]  (no source info available)

Lock stack of current Java thread (top to bottom):


---------------  P R O C E S S  ---------------

Threads class SMR info:
_java_thread_list=0x00007ff83c6f8ad8, length=0, elements={
}

Java Threads: ( => current thread )
Total: 0

Other Threads:
  0x00000228695e7d90 WorkerThread "GC Thread#0"                     [id=29028, stack(0x000000fe4bb00000,0x000000fe4bc00000) (1024K)]
  0x00000228695fdb20 ConcurrentGCThread "G1 Main Marker"            [id=25004, stack(0x000000fe4bc00000,0x000000fe4bd00000) (1024K)]
  0x00000228695fecd0 WorkerThread "G1 Conc#0"                       [id=29916, stack(0x000000fe4bd00000,0x000000fe4be00000) (1024K)]

[error occurred during error reporting (printing all threads), id 0xc0000005, EXCEPTION_ACCESS_VIOLATION (0xc0000005) at pc=0x00007ff83bdd326a]
VM state: not at safepoint (not fully initialized)

VM Mutex/Monitor currently owned by a thread:  ([mutex/lock_event])
[0x00007ff83c77be70] Heap_lock - owner thread: 0x0000022867350110

Heap address: 0x0000000083000000, size: 2000 MB, Compressed Oops mode: 32-bit

CDS archive(s) mapped at: [0x0000000000000000-0x0000000000000000-0x0000000000000000), size 0, SharedBaseAddress: 0x0000000800000000, ArchiveRelocationMode: 1.
Narrow klass base: 0x0000000000000000, Narrow klass shift: 0, Narrow klass range: 0x0

GC Precious Log:
 CardTable entry size: 512
 Card Set container configuration: InlinePtr #cards 5 size 8 Array Of Cards #cards 10 size 36 Howl #buckets 4 coarsen threshold 1843 Howl Bitmap #cards 512 size 80 coarsen threshold 460 Card regions per heap region 1 cards per card region 2048

Heap:
 garbage-first heap   total reserved 2048000K, committed 0K, used 0K [0x0000000083000000, 0x0000000100000000)
  region size 1024K, 0 young (0K), 0 survivors (0K)

[error occurred during error reporting (printing heap information), id 0xc0000005, EXCEPTION_ACCESS_VIOLATION (0xc0000005) at pc=0x00007ff83c1d51e9]
GC Heap History (0 events):
No events

Dll operation events (1 events):
Event: 0.011 Loaded shared library C:\Users\Cv\.p2\pool\plugins\org.eclipse.justj.openjdk.hotspot.jre.full.win32.x86_64_23.0.0.v20240919-1706\jre\bin\java.dll

Deoptimization events (0 events):
No events

Classes loaded (0 events):
No events

Classes unloaded (0 events):
No events

Classes redefined (0 events):
No events

Internal exceptions (0 events):
No events

VM Operations (0 events):
No events

Memory protections (0 events):
No events

Nmethod flushes (0 events):
No events

Events (0 events):
No events


Dynamic libraries:
0x00007ff61cc30000 - 0x00007ff61cc3e000 	C:\Users\Cv\.p2\pool\plugins\org.eclipse.justj.openjdk.hotspot.jre.full.win32.x86_64_23.0.0.v20240919-1706\jre\bin\javaw.exe
0x00007ff8de250000 - 0x00007ff8de448000 	C:\Windows\SYSTEM32\ntdll.dll
0x00007ff8de0e0000 - 0x00007ff8de1a2000 	C:\Windows\System32\KERNEL32.DLL
0x00007ff8dbf70000 - 0x00007ff8dc26e000 	C:\Windows\System32\KERNELBASE.dll
0x00007ff8db8f0000 - 0x00007ff8db9f0000 	C:\Windows\System32\ucrtbase.dll
0x00007ff8c2490000 - 0x00007ff8c24ab000 	C:\Users\Cv\.p2\pool\plugins\org.eclipse.justj.openjdk.hotspot.jre.full.win32.x86_64_23.0.0.v20240919-1706\jre\bin\VCRUNTIME140.dll
0x00007ff8c3360000 - 0x00007ff8c3377000 	C:\Users\Cv\.p2\pool\plugins\org.eclipse.justj.openjdk.hotspot.jre.full.win32.x86_64_23.0.0.v20240919-1706\jre\bin\jli.dll
0x00007ff8dd620000 - 0x00007ff8dd7bd000 	C:\Windows\System32\USER32.dll
0x00007ff8dbf40000 - 0x00007ff8dbf62000 	C:\Windows\System32\win32u.dll
0x00007ff8c0e00000 - 0x00007ff8c109a000 	C:\Windows\WinSxS\amd64_microsoft.windows.common-controls_6595b64144ccf1df_6.0.19041.4355_none_60b8b9eb71f62e16\COMCTL32.dll
0x00007ff8dd9f0000 - 0x00007ff8dda8e000 	C:\Windows\System32\msvcrt.dll
0x00007ff8dc700000 - 0x00007ff8dc72b000 	C:\Windows\System32\GDI32.dll
0x00007ff8dbb50000 - 0x00007ff8dbc67000 	C:\Windows\System32\gdi32full.dll
0x00007ff8dbea0000 - 0x00007ff8dbf3d000 	C:\Windows\System32\msvcp_win.dll
0x00007ff8de0b0000 - 0x00007ff8de0df000 	C:\Windows\System32\IMM32.DLL
0x00007ff8c8e10000 - 0x00007ff8c8e1c000 	C:\Users\Cv\.p2\pool\plugins\org.eclipse.justj.openjdk.hotspot.jre.full.win32.x86_64_23.0.0.v20240919-1706\jre\bin\vcruntime140_1.dll
0x00007ff8a4d60000 - 0x00007ff8a4dee000 	C:\Users\Cv\.p2\pool\plugins\org.eclipse.justj.openjdk.hotspot.jre.full.win32.x86_64_23.0.0.v20240919-1706\jre\bin\msvcp140.dll
0x00007ff83ba90000 - 0x00007ff83c85d000 	C:\Users\Cv\.p2\pool\plugins\org.eclipse.justj.openjdk.hotspot.jre.full.win32.x86_64_23.0.0.v20240919-1706\jre\bin\server\jvm.dll
0x00007ff8dc640000 - 0x00007ff8dc6f1000 	C:\Windows\System32\ADVAPI32.dll
0x00007ff8dc2d0000 - 0x00007ff8dc36f000 	C:\Windows\System32\sechost.dll
0x00007ff8dcea0000 - 0x00007ff8dcfc3000 	C:\Windows\System32\RPCRT4.dll
0x00007ff8dbd70000 - 0x00007ff8dbd97000 	C:\Windows\System32\bcrypt.dll
0x00007ff8dda90000 - 0x00007ff8ddafb000 	C:\Windows\System32\WS2_32.dll
0x00007ff8dae40000 - 0x00007ff8dae8b000 	C:\Windows\SYSTEM32\POWRPROF.dll
0x00007ff8c1330000 - 0x00007ff8c1357000 	C:\Windows\SYSTEM32\WINMM.dll
0x00007ff8d58d0000 - 0x00007ff8d58da000 	C:\Windows\SYSTEM32\VERSION.dll
0x00007ff8dacb0000 - 0x00007ff8dacc2000 	C:\Windows\SYSTEM32\UMPDC.dll
0x00007ff8d9910000 - 0x00007ff8d9922000 	C:\Windows\SYSTEM32\kernel.appcore.dll
0x00007ff8d8b10000 - 0x00007ff8d8b1a000 	C:\Users\Cv\.p2\pool\plugins\org.eclipse.justj.openjdk.hotspot.jre.full.win32.x86_64_23.0.0.v20240919-1706\jre\bin\jimage.dll
0x00007ff8d9430000 - 0x00007ff8d9614000 	C:\Windows\SYSTEM32\DBGHELP.DLL
0x00007ff8ba7b0000 - 0x00007ff8ba7e4000 	C:\Windows\SYSTEM32\dbgcore.DLL
0x00007ff8dbce0000 - 0x00007ff8dbd62000 	C:\Windows\System32\bcryptPrimitives.dll
0x00007ff8cae50000 - 0x00007ff8cae6e000 	C:\Users\Cv\.p2\pool\plugins\org.eclipse.justj.openjdk.hotspot.jre.full.win32.x86_64_23.0.0.v20240919-1706\jre\bin\java.dll
0x00007ff8dc370000 - 0x00007ff8dc49b000 	C:\Windows\System32\ole32.dll
0x00007ff8ddd50000 - 0x00007ff8de0a3000 	C:\Windows\System32\combase.dll
0x00007ff8dc730000 - 0x00007ff8dce9d000 	C:\Windows\System32\SHELL32.dll

dbghelp: loaded successfully - version: 4.0.5 - missing functions: none
symbol engine: initialized successfully - sym options: 0x614 - pdb path: .;C:\Users\Cv\.p2\pool\plugins\org.eclipse.justj.openjdk.hotspot.jre.full.win32.x86_64_23.0.0.v20240919-1706\jre\bin;C:\Windows\SYSTEM32;C:\Windows\WinSxS\amd64_microsoft.windows.common-controls_6595b64144ccf1df_6.0.19041.4355_none_60b8b9eb71f62e16;C:\Users\Cv\.p2\pool\plugins\org.eclipse.justj.openjdk.hotspot.jre.full.win32.x86_64_23.0.0.v20240919-1706\jre\bin\server

VM Arguments:
jvm_args: -Dfile.encoding=UTF-8 -Dstdout.encoding=UTF-8 -Dstderr.encoding=UTF-8 --module-path=D:\Mahzaib FILES\screen\commons-lang3-3.8.1.jar;D:\Mahzaib FILES\screen\commons-logging-1.2.jar;D:\Mahzaib FILES\screen\hsqldb-2.5.0.jar;D:\Mahzaib FILES\screen\jackcess-3.0.1.jar;D:\Mahzaib FILES\screen\ucanaccess-5.0.1.jar -XX:+ShowCodeDetailsInExceptionMessages 
java_command: Testgui
java_class_path (initial): D:\java\Testing.java\bin
Launcher Type: SUN_STANDARD

[Global flags]
     intx CICompilerCount                          = 4                                         {product} {ergonomic}
     uint ConcGCThreads                            = 2                                         {product} {ergonomic}
     uint G1ConcRefinementThreads                  = 8                                         {product} {ergonomic}
   size_t G1HeapRegionSize                         = 1048576                                   {product} {ergonomic}
   size_t InitialHeapSize                          = 132120576                                 {product} {ergonomic}
   size_t MarkStackSize                            = 4194304                                   {product} {ergonomic}
   size_t MarkStackSizeMax                         = 536870912                                 {product} {ergonomic}
   size_t MaxHeapSize                              = 2097152000                                {product} {ergonomic}
   size_t MinHeapDeltaBytes                        = 1048576                                   {product} {ergonomic}
   size_t MinHeapSize                              = 8388608                                   {product} {ergonomic}
    uintx NonNMethodCodeHeapSize                   = 5832704                                {pd product} {ergonomic}
    uintx NonProfiledCodeHeapSize                  = 122945536                              {pd product} {ergonomic}
    uintx ProfiledCodeHeapSize                     = 122880000                              {pd product} {ergonomic}
    uintx ReservedCodeCacheSize                    = 251658240                              {pd product} {ergonomic}
     bool SegmentedCodeCache                       = true                                      {product} {ergonomic}
     bool ShowCodeDetailsInExceptionMessages       = true                                   {manageable} {command line}
   size_t SoftMaxHeapSize                          = 2097152000                             {manageable} {ergonomic}
     bool UseCompressedOops                        = true                           {product lp64_product} {ergonomic}
     bool UseG1GC                                  = true                                      {product} {ergonomic}
     bool UseLargePagesIndividualAllocation        = false                                  {pd product} {ergonomic}

Logging:
Log output configuration:
 #0: stdout all=warning uptime,level,tags foldmultilines=false
 #1: stderr all=off uptime,level,tags foldmultilines=false

Environment Variables:
PATH=C:/Users/Cv/.p2/pool/plugins/org.eclipse.justj.openjdk.hotspot.jre.full.win32.x86_64_23.0.0.v20240919-1706/jre/bin/server;C:/Users/Cv/.p2/pool/plugins/org.eclipse.justj.openjdk.hotspot.jre.full.win32.x86_64_23.0.0.v20240919-1706/jre/bin;C:\Program Files\Common Files\Oracle\Java\javapath;C:\Program Files (x86)\Common Files\Oracle\Java\java8path;C:\Program Files (x86)\Common Files\Oracle\Java\javapath;C:\Program Files (x86)\Common Files\Intel\Shared Libraries\redist\intel64\compiler;D:\Mngw df\bin\gcc.exe\;C:\Windows\system32;C:\Windows;C:\Windows\System32\Wbem;C:\Windows\System32\WindowsPowerShell\v1.0\;C:\Windows\System32\OpenSSH\;C:\Program Files\Microsoft SQL Server\150\Tools\Binn\;C:\Program Files\dotnet\;C:\Program Files (x86)\NVIDIA Corporation\PhysX\Common;D:\all df\Microsoft VS Code\bin;C:\Program Files\nodejs\;D:\all df\Git cli\Git\cmd;C:\Kotlins compls\kotlinc\bin;D:\all df\php-8.3.8-Win32-vs16-x64;C:\Program Files (x86)\Microsoft SQL Server\160\DTS\Binn\;C:\Program Files\MongoDB\mongosh-2.3.5-win32-x64\bin;C:\Users\Cv\AppData\Local\Programs\Python\Python312\Scripts\;C:\Users\Cv\AppData\Local\Programs\Python\Python312\;C:\Program Files\MySQL\MySQL Shell 8.0\bin\;C:\Users\Cv\AppData\Local\Microsoft\WindowsApps;C:\Users\Cv\.dotnet\tools;C:\Users\Cv\AppData\Roaming\npm;C:\Program Files\Java\jdk-17\bin;C:\Users\Cv\Downloads;C:\Users\Cv\AppData\Local\Programs\mongosh\;C:\Windows\System32;
USERNAME=Cv
OS=Windows_NT
PROCESSOR_IDENTIFIER=Intel64 Family 6 Model 142 Stepping 12, GenuineIntel
TMP=C:\Users\Cv\AppData\Local\Temp
TEMP=C:\Users\Cv\AppData\Local\Temp




Periodic native trim disabled

---------------  S Y S T E M  ---------------

OS:
 Windows 10 , 64 bit Build 19041 (10.0.19041.5198)
OS uptime: 7 days 20:29 hours
Hyper-V role detected

CPU: total 8 (initial active 8) (4 cores per cpu, 2 threads per core) family 6 model 142 stepping 12 microcode 0xfa, cx8, cmov, fxsr, ht, mmx, 3dnowpref, sse, sse2, sse3, ssse3, sse4.1, sse4.2, popcnt, lzcnt, tsc, tscinvbit, avx, avx2, aes, erms, clmul, bmi1, bmi2, adx, fma, vzeroupper, clflush, clflushopt, hv, rdtscp, f16c
Processor Information for the first 8 processors :
  Max Mhz: 2112, Current Mhz: 1910, Mhz Limit: 1900

Memory: 4k page, system-wide physical 7998M (867M free)
TotalPageFile size 30730M (AvailPageFile size 78M)
current process WorkingSet (physical memory assigned to process): 11M, peak: 11M
current process commit charge ("private bytes"): 60M, peak: 186M

vm_info: OpenJDK 64-Bit Server VM (23+37) for windows-amd64 JRE (23+37), built on 2024-09-17T00:00:00Z with MS VC++ 17.7 (VS2022)

END.
